This file contains any messages produced by compilers while
running configure, to aid debugging if configure makes a mistake.

It was created by Avisynth configure 3.0, which was
generated by GNU Autoconf 2.59.  Invocation command line was

  $ ./configure --prefix=/home/torri/local/avisynth --with-stl_path=/home/torri/local/stlport --with-boost-path=/home/torri/local

## --------- ##
## Platform. ##
## --------- ##

hostname = localhost
uname -m = i686
uname -r = 2.4.22-10mdk
uname -s = Linux
uname -v = #1 Thu Sep 18 12:30:58 CEST 2003

/usr/bin/uname -p = unknown
/bin/uname -X     = unknown

/bin/arch              = i686
/usr/bin/arch -k       = unknown
/usr/convex/getsysinfo = unknown
hostinfo               = unknown
/bin/machine           = unknown
/usr/bin/oslevel       = unknown
/bin/universe          = unknown

PATH: /home/torri/local/gstreamer/bin
PATH: /home/torri/local/bin
PATH: /bin
PATH: /usr/bin
PATH: /usr/bin/X11
PATH: /usr/X11R6/bin
PATH: /usr/local/bin
PATH: /opt/X11R6/bin
PATH: /usr/games
PATH: /home/torri/bin
PATH: /home/torri/local/e17/bin
PATH: /usr/java/j2re1.4.2_04/bin
PATH: /usr/local/Acrobat5/bin


## ----------- ##
## Core tests. ##
## ----------- ##

configure:1420: checking build system type
configure:1438: result: i686-pc-linux-gnu
configure:1446: checking host system type
configure:1460: result: i686-pc-linux-gnu
configure:1468: checking target system type
configure:1482: result: i686-pc-linux-gnu
configure:1498: checking whether to use default CXXFLAGS
configure:1502: result: yes
configure:1562: checking for g++
configure:1578: found /usr/bin/g++
configure:1588: result: g++
configure:1604: checking for C++ compiler version
configure:1607: g++ --version </dev/null >&5
g++ (GCC) 3.3.1 (Mandrake Linux 9.2 3.3.1-2mdk)
Copyright (C) 2003 Free Software Foundation, Inc.
This is free software; see the source for copying conditions.  There is NO
warranty; not even for MERCHANTABILITY or FITNESS FOR A PARTICULAR PURPOSE.

configure:1610: $? = 0
configure:1612: g++ -v </dev/null >&5
Reading specs from /usr/lib/gcc-lib/i586-mandrake-linux-gnu/3.3.1/specs
Configured with: ../configure --prefix=/usr --libdir=/usr/lib --with-slibdir=/lib --mandir=/usr/share/man --infodir=/usr/share/info --enable-shared --enable-threads=posix --disable-checking --enable-long-long --enable-__cxa_atexit --enable-languages=c,c++,ada,f77,objc,java,pascal --host=i586-mandrake-linux-gnu --with-system-zlib
Thread model: posix
gcc version 3.3.1 (Mandrake Linux 9.2 3.3.1-2mdk)
configure:1615: $? = 0
configure:1617: g++ -V </dev/null >&5
g++: `-V' option must have argument
configure:1620: $? = 1
configure:1643: checking for C++ compiler default output file name
configure:1646: g++    -L/home/torri/local/e17/lib -L/home/torri/local/gstreamer/lib -L/home/torri/local/lib conftest.cc  >&5
configure:1649: $? = 0
configure:1695: result: a.out
configure:1700: checking whether the C++ compiler works
configure:1706: ./a.out
configure:1709: $? = 0
configure:1726: result: yes
configure:1733: checking whether we are cross compiling
configure:1735: result: no
configure:1738: checking for suffix of executables
configure:1740: g++ -o conftest    -L/home/torri/local/e17/lib -L/home/torri/local/gstreamer/lib -L/home/torri/local/lib conftest.cc  >&5
configure:1743: $? = 0
configure:1768: result: 
configure:1774: checking for suffix of object files
configure:1795: g++ -c   conftest.cc >&5
configure:1798: $? = 0
configure:1820: result: o
configure:1824: checking whether we are using the GNU C++ compiler
configure:1848: g++ -c   conftest.cc >&5
configure:1854: $? = 0
configure:1858: test -z 
			 || test ! -s conftest.err
configure:1861: $? = 0
configure:1864: test -s conftest.o
configure:1867: $? = 0
configure:1880: result: yes
configure:1886: checking whether g++ accepts -g
configure:1907: g++ -c -g  conftest.cc >&5
configure:1913: $? = 0
configure:1917: test -z 
			 || test ! -s conftest.err
configure:1920: $? = 0
configure:1923: test -s conftest.o
configure:1926: $? = 0
configure:1937: result: yes
configure:1979: g++ -c -g -O2  conftest.cc >&5
configure:1985: $? = 0
configure:1989: test -z 
			 || test ! -s conftest.err
configure:1992: $? = 0
configure:1995: test -s conftest.o
configure:1998: $? = 0
configure:2024: g++ -c -g -O2  conftest.cc >&5
conftest.cc: In function `int main()':
conftest.cc:13: error: `exit' undeclared (first use this function)
conftest.cc:13: error: (Each undeclared identifier is reported only once for each function it appears in.)
configure:2030: $? = 1
configure: failed program was:
| /* confdefs.h.  */
| 
| #define PACKAGE_NAME "Avisynth"
| #define PACKAGE_TARNAME "avisynth"
| #define PACKAGE_VERSION "3.0"
| #define PACKAGE_STRING "Avisynth 3.0"
| #define PACKAGE_BUGREPORT "http://forum.doom9.org"
| /* end confdefs.h.  */
| 
| int
| main ()
| {
| exit (42);
|   ;
|   return 0;
| }
configure:1979: g++ -c -g -O2  conftest.cc >&5
configure:1985: $? = 0
configure:1989: test -z 
			 || test ! -s conftest.err
configure:1992: $? = 0
configure:1995: test -s conftest.o
configure:1998: $? = 0
configure:2024: g++ -c -g -O2  conftest.cc >&5
configure:2030: $? = 0
configure:2034: test -z 
			 || test ! -s conftest.err
configure:2037: $? = 0
configure:2040: test -s conftest.o
configure:2043: $? = 0
configure:2081: checking for a BSD-compatible install
configure:2136: result: /usr/bin/install -c
configure:2190: checking for ranlib
configure:2206: found /usr/bin/ranlib
configure:2217: result: ranlib
configure:2234: checking for whether to use assembly code
configure:2237: result: yes
configure:2239: checking for architecture type
configure:2243: result: ia32
configure:2317: checking for gcc
configure:2333: found /usr/bin/gcc
configure:2343: result: gcc
configure:2587: checking for C compiler version
configure:2590: gcc --version </dev/null >&5
gcc (GCC) 3.3.1 (Mandrake Linux 9.2 3.3.1-2mdk)
Copyright (C) 2003 Free Software Foundation, Inc.
This is free software; see the source for copying conditions.  There is NO
warranty; not even for MERCHANTABILITY or FITNESS FOR A PARTICULAR PURPOSE.

configure:2593: $? = 0
configure:2595: gcc -v </dev/null >&5
Reading specs from /usr/lib/gcc-lib/i586-mandrake-linux-gnu/3.3.1/specs
Configured with: ../configure --prefix=/usr --libdir=/usr/lib --with-slibdir=/lib --mandir=/usr/share/man --infodir=/usr/share/info --enable-shared --enable-threads=posix --disable-checking --enable-long-long --enable-__cxa_atexit --enable-languages=c,c++,ada,f77,objc,java,pascal --host=i586-mandrake-linux-gnu --with-system-zlib
Thread model: posix
gcc version 3.3.1 (Mandrake Linux 9.2 3.3.1-2mdk)
configure:2598: $? = 0
configure:2600: gcc -V </dev/null >&5
gcc: `-V' option must have argument
configure:2603: $? = 1
configure:2606: checking whether we are using the GNU C compiler
configure:2630: gcc -c  -I/home/torri/local/include -I/home/torri/local/gstreamer/include -I/home/torri/local/e17/include -march=athlon-xp -O3 -ffast-math -malign-double -pipe -funroll-loops -fomit-frame-pointer -msse -mfpmath=sse,387   conftest.c >&5
configure:2636: $? = 0
configure:2640: test -z 
			 || test ! -s conftest.err
configure:2643: $? = 0
configure:2646: test -s conftest.o
configure:2649: $? = 0
configure:2662: result: yes
configure:2668: checking whether gcc accepts -g
configure:2689: gcc -c -g  conftest.c >&5
configure:2695: $? = 0
configure:2699: test -z 
			 || test ! -s conftest.err
configure:2702: $? = 0
configure:2705: test -s conftest.o
configure:2708: $? = 0
configure:2719: result: yes
configure:2736: checking for gcc option to accept ANSI C
configure:2806: gcc  -c  -I/home/torri/local/include -I/home/torri/local/gstreamer/include -I/home/torri/local/e17/include -march=athlon-xp -O3 -ffast-math -malign-double -pipe -funroll-loops -fomit-frame-pointer -msse -mfpmath=sse,387   conftest.c >&5
configure:2812: $? = 0
configure:2816: test -z 
			 || test ! -s conftest.err
configure:2819: $? = 0
configure:2822: test -s conftest.o
configure:2825: $? = 0
configure:2843: result: none needed
configure:2861: gcc -c  -I/home/torri/local/include -I/home/torri/local/gstreamer/include -I/home/torri/local/e17/include -march=athlon-xp -O3 -ffast-math -malign-double -pipe -funroll-loops -fomit-frame-pointer -msse -mfpmath=sse,387   conftest.c >&5
conftest.c:2: error: syntax error before "me"
configure:2867: $? = 1
configure: failed program was:
| #ifndef __cplusplus
|   choke me
| #endif
configure:3006: checking how to run the C preprocessor
configure:3041: gcc -E  conftest.c
configure:3047: $? = 0
configure:3079: gcc -E  conftest.c
conftest.c:12:28: ac_nonexistent.h: No such file or directory
configure:3085: $? = 1
configure: failed program was:
| /* confdefs.h.  */
| 
| #define PACKAGE_NAME "Avisynth"
| #define PACKAGE_TARNAME "avisynth"
| #define PACKAGE_VERSION "3.0"
| #define PACKAGE_STRING "Avisynth 3.0"
| #define PACKAGE_BUGREPORT "http://forum.doom9.org"
| #ifdef __cplusplus
| extern "C" void std::exit (int) throw (); using std::exit;
| #endif
| /* end confdefs.h.  */
| #include <ac_nonexistent.h>
configure:3124: result: gcc -E
configure:3148: gcc -E  conftest.c
configure:3154: $? = 0
configure:3186: gcc -E  conftest.c
conftest.c:12:28: ac_nonexistent.h: No such file or directory
configure:3192: $? = 1
configure: failed program was:
| /* confdefs.h.  */
| 
| #define PACKAGE_NAME "Avisynth"
| #define PACKAGE_TARNAME "avisynth"
| #define PACKAGE_VERSION "3.0"
| #define PACKAGE_STRING "Avisynth 3.0"
| #define PACKAGE_BUGREPORT "http://forum.doom9.org"
| #ifdef __cplusplus
| extern "C" void std::exit (int) throw (); using std::exit;
| #endif
| /* end confdefs.h.  */
| #include <ac_nonexistent.h>
configure:3236: checking for egrep
configure:3246: result: grep -E
configure:3251: checking for ANSI C header files
configure:3276: gcc -c  -I/home/torri/local/include -I/home/torri/local/gstreamer/include -I/home/torri/local/e17/include -march=athlon-xp -O3 -ffast-math -malign-double -pipe -funroll-loops -fomit-frame-pointer -msse -mfpmath=sse,387   conftest.c >&5
configure:3282: $? = 0
configure:3286: test -z 
			 || test ! -s conftest.err
configure:3289: $? = 0
configure:3292: test -s conftest.o
configure:3295: $? = 0
configure:3381: gcc -o conftest  -I/home/torri/local/include -I/home/torri/local/gstreamer/include -I/home/torri/local/e17/include -march=athlon-xp -O3 -ffast-math -malign-double -pipe -funroll-loops -fomit-frame-pointer -msse -mfpmath=sse,387    -L/home/torri/local/e17/lib -L/home/torri/local/gstreamer/lib -L/home/torri/local/lib conftest.c  >&5
configure:3384: $? = 0
configure:3386: ./conftest
configure:3389: $? = 0
configure:3404: result: yes
configure:3428: checking for sys/types.h
configure:3444: gcc -c  -I/home/torri/local/include -I/home/torri/local/gstreamer/include -I/home/torri/local/e17/include -march=athlon-xp -O3 -ffast-math -malign-double -pipe -funroll-loops -fomit-frame-pointer -msse -mfpmath=sse,387   conftest.c >&5
configure:3450: $? = 0
configure:3454: test -z 
			 || test ! -s conftest.err
configure:3457: $? = 0
configure:3460: test -s conftest.o
configure:3463: $? = 0
configure:3474: result: yes
configure:3428: checking for sys/stat.h
configure:3444: gcc -c  -I/home/torri/local/include -I/home/torri/local/gstreamer/include -I/home/torri/local/e17/include -march=athlon-xp -O3 -ffast-math -malign-double -pipe -funroll-loops -fomit-frame-pointer -msse -mfpmath=sse,387   conftest.c >&5
configure:3450: $? = 0
configure:3454: test -z 
			 || test ! -s conftest.err
configure:3457: $? = 0
configure:3460: test -s conftest.o
configure:3463: $? = 0
configure:3474: result: yes
configure:3428: checking for stdlib.h
configure:3444: gcc -c  -I/home/torri/local/include -I/home/torri/local/gstreamer/include -I/home/torri/local/e17/include -march=athlon-xp -O3 -ffast-math -malign-double -pipe -funroll-loops -fomit-frame-pointer -msse -mfpmath=sse,387   conftest.c >&5
configure:3450: $? = 0
configure:3454: test -z 
			 || test ! -s conftest.err
configure:3457: $? = 0
configure:3460: test -s conftest.o
configure:3463: $? = 0
configure:3474: result: yes
configure:3428: checking for string.h
configure:3444: gcc -c  -I/home/torri/local/include -I/home/torri/local/gstreamer/include -I/home/torri/local/e17/include -march=athlon-xp -O3 -ffast-math -malign-double -pipe -funroll-loops -fomit-frame-pointer -msse -mfpmath=sse,387   conftest.c >&5
configure:3450: $? = 0
configure:3454: test -z 
			 || test ! -s conftest.err
configure:3457: $? = 0
configure:3460: test -s conftest.o
configure:3463: $? = 0
configure:3474: result: yes
configure:3428: checking for memory.h
configure:3444: gcc -c  -I/home/torri/local/include -I/home/torri/local/gstreamer/include -I/home/torri/local/e17/include -march=athlon-xp -O3 -ffast-math -malign-double -pipe -funroll-loops -fomit-frame-pointer -msse -mfpmath=sse,387   conftest.c >&5
configure:3450: $? = 0
configure:3454: test -z 
			 || test ! -s conftest.err
configure:3457: $? = 0
configure:3460: test -s conftest.o
configure:3463: $? = 0
configure:3474: result: yes
configure:3428: checking for strings.h
configure:3444: gcc -c  -I/home/torri/local/include -I/home/torri/local/gstreamer/include -I/home/torri/local/e17/include -march=athlon-xp -O3 -ffast-math -malign-double -pipe -funroll-loops -fomit-frame-pointer -msse -mfpmath=sse,387   conftest.c >&5
configure:3450: $? = 0
configure:3454: test -z 
			 || test ! -s conftest.err
configure:3457: $? = 0
configure:3460: test -s conftest.o
configure:3463: $? = 0
configure:3474: result: yes
configure:3428: checking for inttypes.h
configure:3444: gcc -c  -I/home/torri/local/include -I/home/torri/local/gstreamer/include -I/home/torri/local/e17/include -march=athlon-xp -O3 -ffast-math -malign-double -pipe -funroll-loops -fomit-frame-pointer -msse -mfpmath=sse,387   conftest.c >&5
configure:3450: $? = 0
configure:3454: test -z 
			 || test ! -s conftest.err
configure:3457: $? = 0
configure:3460: test -s conftest.o
configure:3463: $? = 0
configure:3474: result: yes
configure:3428: checking for stdint.h
configure:3444: gcc -c  -I/home/torri/local/include -I/home/torri/local/gstreamer/include -I/home/torri/local/e17/include -march=athlon-xp -O3 -ffast-math -malign-double -pipe -funroll-loops -fomit-frame-pointer -msse -mfpmath=sse,387   conftest.c >&5
configure:3450: $? = 0
configure:3454: test -z 
			 || test ! -s conftest.err
configure:3457: $? = 0
configure:3460: test -s conftest.o
configure:3463: $? = 0
configure:3474: result: yes
configure:3428: checking for unistd.h
configure:3444: gcc -c  -I/home/torri/local/include -I/home/torri/local/gstreamer/include -I/home/torri/local/e17/include -march=athlon-xp -O3 -ffast-math -malign-double -pipe -funroll-loops -fomit-frame-pointer -msse -mfpmath=sse,387   conftest.c >&5
configure:3450: $? = 0
configure:3454: test -z 
			 || test ! -s conftest.err
configure:3457: $? = 0
configure:3460: test -s conftest.o
configure:3463: $? = 0
configure:3474: result: yes
configure:3486: checking for int *
configure:3510: gcc -c  -I/home/torri/local/include -I/home/torri/local/gstreamer/include -I/home/torri/local/e17/include -march=athlon-xp -O3 -ffast-math -malign-double -pipe -funroll-loops -fomit-frame-pointer -msse -mfpmath=sse,387   conftest.c >&5
configure:3516: $? = 0
configure:3520: test -z 
			 || test ! -s conftest.err
configure:3523: $? = 0
configure:3526: test -s conftest.o
configure:3529: $? = 0
configure:3540: result: yes
configure:3543: checking size of int *
configure:3862: gcc -o conftest  -I/home/torri/local/include -I/home/torri/local/gstreamer/include -I/home/torri/local/e17/include -march=athlon-xp -O3 -ffast-math -malign-double -pipe -funroll-loops -fomit-frame-pointer -msse -mfpmath=sse,387    -L/home/torri/local/e17/lib -L/home/torri/local/gstreamer/lib -L/home/torri/local/lib conftest.c  >&5
configure:3865: $? = 0
configure:3867: ./conftest
configure:3870: $? = 0
configure:3893: result: 4
configure:3916: checking whether byte ordering is bigendian
configure:3943: gcc -c  -I/home/torri/local/include -I/home/torri/local/gstreamer/include -I/home/torri/local/e17/include -march=athlon-xp -O3 -ffast-math -malign-double -pipe -funroll-loops -fomit-frame-pointer -msse -mfpmath=sse,387   conftest.c >&5
configure:3949: $? = 0
configure:3953: test -z 
			 || test ! -s conftest.err
configure:3956: $? = 0
configure:3959: test -s conftest.o
configure:3962: $? = 0
configure:3986: gcc -c  -I/home/torri/local/include -I/home/torri/local/gstreamer/include -I/home/torri/local/e17/include -march=athlon-xp -O3 -ffast-math -malign-double -pipe -funroll-loops -fomit-frame-pointer -msse -mfpmath=sse,387   conftest.c >&5
conftest.c: In function `main':
conftest.c:30: error: `not' undeclared (first use in this function)
conftest.c:30: error: (Each undeclared identifier is reported only once
conftest.c:30: error: for each function it appears in.)
conftest.c:30: error: syntax error before "big"
configure:3992: $? = 1
configure: failed program was:
| /* confdefs.h.  */
| 
| #define PACKAGE_NAME "Avisynth"
| #define PACKAGE_TARNAME "avisynth"
| #define PACKAGE_VERSION "3.0"
| #define PACKAGE_STRING "Avisynth 3.0"
| #define PACKAGE_BUGREPORT "http://forum.doom9.org"
| #ifdef __cplusplus
| extern "C" void std::exit (int) throw (); using std::exit;
| #endif
| #define STDC_HEADERS 1
| #define HAVE_SYS_TYPES_H 1
| #define HAVE_SYS_STAT_H 1
| #define HAVE_STDLIB_H 1
| #define HAVE_STRING_H 1
| #define HAVE_MEMORY_H 1
| #define HAVE_STRINGS_H 1
| #define HAVE_INTTYPES_H 1
| #define HAVE_STDINT_H 1
| #define HAVE_UNISTD_H 1
| #define SIZEOF_INT_P 4
| /* end confdefs.h.  */
| #include <sys/types.h>
| #include <sys/param.h>
| 
| int
| main ()
| {
| #if BYTE_ORDER != BIG_ENDIAN
|  not big endian
| #endif
| 
|   ;
|   return 0;
| }
configure:4127: result: no
configure:4144: checking for build extensions
configure:4151: result: .so .a .o
configure:4187: checking for platform specific LDFLAGS/CFLAGS
configure:4194: result: ok
configure:4259: checking for nasm
configure:4280: found /usr/bin/nasm
configure:4303: result: yes
configure:4312: checking for nasm patch version
configure:4318: result: 35
configure:4328: checking for nasm object format
configure:4332: result: elf
configure:4407: checking for stl_config.h
configure:4436: g++ -c -g -O2 -I/home/torri/local/stlport  conftest.cc >&5
configure:4442: $? = 0
configure:4446: test -z 
			 || test ! -s conftest.err
configure:4449: $? = 0
configure:4452: test -s conftest.o
configure:4455: $? = 0
configure:4457: result: yes
configure:4477: checking for config.hpp
configure:4499: g++ -c -g -O2 -I/home/torri/local/include  conftest.cc >&5
configure:4505: $? = 0
configure:4509: test -z 
			 || test ! -s conftest.err
configure:4512: $? = 0
configure:4515: test -s conftest.o
configure:4518: $? = 0
configure:4520: result: yes
configure:4545: checking how to run the C++ preprocessor
configure:4576: g++ -E  conftest.cc
configure:4582: $? = 0
configure:4614: g++ -E  conftest.cc
conftest.cc:23:28: ac_nonexistent.h: No such file or directory
configure:4620: $? = 1
configure: failed program was:
| /* confdefs.h.  */
| 
| #define PACKAGE_NAME "Avisynth"
| #define PACKAGE_TARNAME "avisynth"
| #define PACKAGE_VERSION "3.0"
| #define PACKAGE_STRING "Avisynth 3.0"
| #define PACKAGE_BUGREPORT "http://forum.doom9.org"
| #ifdef __cplusplus
| extern "C" void std::exit (int) throw (); using std::exit;
| #endif
| #define STDC_HEADERS 1
| #define HAVE_SYS_TYPES_H 1
| #define HAVE_SYS_STAT_H 1
| #define HAVE_STDLIB_H 1
| #define HAVE_STRING_H 1
| #define HAVE_MEMORY_H 1
| #define HAVE_STRINGS_H 1
| #define HAVE_INTTYPES_H 1
| #define HAVE_STDINT_H 1
| #define HAVE_UNISTD_H 1
| #define SIZEOF_INT_P 4
| /* end confdefs.h.  */
| #include <ac_nonexistent.h>
configure:4659: result: g++ -E
configure:4683: g++ -E  conftest.cc
configure:4689: $? = 0
configure:4721: g++ -E  conftest.cc
conftest.cc:23:28: ac_nonexistent.h: No such file or directory
configure:4727: $? = 1
configure: failed program was:
| /* confdefs.h.  */
| 
| #define PACKAGE_NAME "Avisynth"
| #define PACKAGE_TARNAME "avisynth"
| #define PACKAGE_VERSION "3.0"
| #define PACKAGE_STRING "Avisynth 3.0"
| #define PACKAGE_BUGREPORT "http://forum.doom9.org"
| #ifdef __cplusplus
| extern "C" void std::exit (int) throw (); using std::exit;
| #endif
| #define STDC_HEADERS 1
| #define HAVE_SYS_TYPES_H 1
| #define HAVE_SYS_STAT_H 1
| #define HAVE_STDLIB_H 1
| #define HAVE_STRING_H 1
| #define HAVE_MEMORY_H 1
| #define HAVE_STRINGS_H 1
| #define HAVE_INTTYPES_H 1
| #define HAVE_STDINT_H 1
| #define HAVE_UNISTD_H 1
| #define SIZEOF_INT_P 4
| /* end confdefs.h.  */
| #include <ac_nonexistent.h>
configure:4794: checking assert.h usability
configure:4806: g++ -c -g -O2  conftest.cc >&5
configure:4812: $? = 0
configure:4816: test -z 
			 || test ! -s conftest.err
configure:4819: $? = 0
configure:4822: test -s conftest.o
configure:4825: $? = 0
configure:4835: result: yes
configure:4839: checking assert.h presence
configure:4849: g++ -E  conftest.cc
configure:4855: $? = 0
configure:4875: result: yes
configure:4910: checking for assert.h
configure:4917: result: yes
configure:4785: checking for string.h
configure:4790: result: yes
configure:4794: checking limits.h usability
configure:4806: g++ -c -g -O2  conftest.cc >&5
configure:4812: $? = 0
configure:4816: test -z 
			 || test ! -s conftest.err
configure:4819: $? = 0
configure:4822: test -s conftest.o
configure:4825: $? = 0
configure:4835: result: yes
configure:4839: checking limits.h presence
configure:4849: g++ -E  conftest.cc
configure:4855: $? = 0
configure:4875: result: yes
configure:4910: checking for limits.h
configure:4917: result: yes
configure:4794: checking malloc.h usability
configure:4806: g++ -c -g -O2  conftest.cc >&5
configure:4812: $? = 0
configure:4816: test -z 
			 || test ! -s conftest.err
configure:4819: $? = 0
configure:4822: test -s conftest.o
configure:4825: $? = 0
configure:4835: result: yes
configure:4839: checking malloc.h presence
configure:4849: g++ -E  conftest.cc
configure:4855: $? = 0
configure:4875: result: yes
configure:4910: checking for malloc.h
configure:4917: result: yes
configure:4794: checking math.h usability
configure:4806: g++ -c -g -O2  conftest.cc >&5
configure:4812: $? = 0
configure:4816: test -z 
			 || test ! -s conftest.err
configure:4819: $? = 0
configure:4822: test -s conftest.o
configure:4825: $? = 0
configure:4835: result: yes
configure:4839: checking math.h presence
configure:4849: g++ -E  conftest.cc
configure:4855: $? = 0
configure:4875: result: yes
configure:4910: checking for math.h
configure:4917: result: yes
configure:5412: creating ./config.status

## ---------------------- ##
## Running config.status. ##
## ---------------------- ##

This file was extended by Avisynth config.status 3.0, which was
generated by GNU Autoconf 2.59.  Invocation command line was

  CONFIG_FILES    = 
  CONFIG_HEADERS  = 
  CONFIG_LINKS    = 
  CONFIG_COMMANDS = 
  $ ./config.status 

on localhost

config.status:682: creating platform.inc

## ---------------- ##
## Cache variables. ##
## ---------------- ##

ac_cv_build=i686-pc-linux-gnu
ac_cv_build_alias=i686-pc-linux-gnu
ac_cv_c_bigendian=no
ac_cv_c_compiler_gnu=yes
ac_cv_cxx_compiler_gnu=yes
ac_cv_env_CC_set=
ac_cv_env_CC_value=
ac_cv_env_CFLAGS_set=set
ac_cv_env_CFLAGS_value=' -I/home/torri/local/include -I/home/torri/local/gstreamer/include -I/home/torri/local/e17/include -march=athlon-xp -O3 -ffast-math -malign-double -pipe -funroll-loops -fomit-frame-pointer -msse -mfpmath=sse,387 '
ac_cv_env_CPPFLAGS_set=
ac_cv_env_CPPFLAGS_value=
ac_cv_env_CPP_set=
ac_cv_env_CPP_value=
ac_cv_env_CXXCPP_set=
ac_cv_env_CXXCPP_value=
ac_cv_env_CXXFLAGS_set=
ac_cv_env_CXXFLAGS_value=
ac_cv_env_CXX_set=
ac_cv_env_CXX_value=
ac_cv_env_LDFLAGS_set=set
ac_cv_env_LDFLAGS_value=' -L/home/torri/local/e17/lib -L/home/torri/local/gstreamer/lib -L/home/torri/local/lib'
ac_cv_env_build_alias_set=
ac_cv_env_build_alias_value=
ac_cv_env_host_alias_set=
ac_cv_env_host_alias_value=
ac_cv_env_target_alias_set=
ac_cv_env_target_alias_value=
ac_cv_exeext=
ac_cv_header_assert_h=yes
ac_cv_header_inttypes_h=yes
ac_cv_header_limits_h=yes
ac_cv_header_malloc_h=yes
ac_cv_header_math_h=yes
ac_cv_header_memory_h=yes
ac_cv_header_stdc=yes
ac_cv_header_stdint_h=yes
ac_cv_header_stdlib_h=yes
ac_cv_header_string_h=yes
ac_cv_header_strings_h=yes
ac_cv_header_sys_stat_h=yes
ac_cv_header_sys_types_h=yes
ac_cv_header_unistd_h=yes
ac_cv_host=i686-pc-linux-gnu
ac_cv_host_alias=i686-pc-linux-gnu
ac_cv_objext=o
ac_cv_path_install='/usr/bin/install -c'
ac_cv_prog_CPP='gcc -E'
ac_cv_prog_CXXCPP='g++ -E'
ac_cv_prog_ac_ct_CC=gcc
ac_cv_prog_ac_ct_CXX=g++
ac_cv_prog_ac_ct_RANLIB=ranlib
ac_cv_prog_ac_nasm=yes
ac_cv_prog_cc_g=yes
ac_cv_prog_cc_stdc=
ac_cv_prog_cxx_g=yes
ac_cv_prog_egrep='grep -E'
ac_cv_sizeof_int_p=4
ac_cv_target=i686-pc-linux-gnu
ac_cv_target_alias=i686-pc-linux-gnu
ac_cv_type_int_p=yes

## ----------------- ##
## Output variables. ##
## ----------------- ##

AFLAGS='-I$(<D)/ -f elf '
API_MAJOR='3'
API_MINOR='0'
ARCHITECTURE='IA32'
AS='nasm'
ASSEMBLY_EXTENSION='asm'
ASSEMBLY_SOURCES='SRC_IA32'
BUS='32BIT'
CC='gcc'
CFLAGS=' -I/home/torri/local/include -I/home/torri/local/gstreamer/include -I/home/torri/local/e17/include -march=athlon-xp -O3 -ffast-math -malign-double -pipe -funroll-loops -fomit-frame-pointer -msse -mfpmath=sse,387 '
CPP='gcc -E'
CPPFLAGS=''
CXX='g++'
CXXCPP='g++ -E'
CXXFLAGS='-Wall -O2 -fstrength-reduce -finline-functions -freduce-all-givs -ffast-math -fomit-frame-pointer -pthread  -I/home/torri/local/stlport  -I/home/torri/local/include'
DCT_IA64_SOURCES=''
DEFS='-DPACKAGE_NAME=\"Avisynth\" -DPACKAGE_TARNAME=\"avisynth\" -DPACKAGE_VERSION=\"3.0\" -DPACKAGE_STRING=\"Avisynth\ 3.0\" -DPACKAGE_BUGREPORT=\"http://forum.doom9.org\" -DSTDC_HEADERS=1 -DHAVE_SYS_TYPES_H=1 -DHAVE_SYS_STAT_H=1 -DHAVE_STDLIB_H=1 -DHAVE_STRING_H=1 -DHAVE_MEMORY_H=1 -DHAVE_STRINGS_H=1 -DHAVE_INTTYPES_H=1 -DHAVE_STDINT_H=1 -DHAVE_UNISTD_H=1 -DSIZEOF_INT_P=4 -DHAVE_ASSERT_H=1 -DHAVE_STRING_H=1 -DHAVE_LIMITS_H=1 -DHAVE_MALLOC_H=1 -DHAVE_MATH_H=1 '
ECHO_C=''
ECHO_N='-n'
ECHO_T=''
EGREP='grep -E'
ENDIANNESS='LITTLE_ENDIAN'
EXEEXT=''
FEATURES=''
GENERIC_SOURCES='SRC_GENERIC'
INSTALL_DATA='${INSTALL} -m 644'
INSTALL_PROGRAM='${INSTALL}'
INSTALL_SCRIPT='${INSTALL}'
LDFLAGS=' -L/home/torri/local/e17/lib -L/home/torri/local/gstreamer/lib -L/home/torri/local/lib'
LIBOBJS=''
LIBS=''
LTLIBOBJS=''
NASM_FORMAT='elf'
OBJECT_EXTENSION='o'
OBJEXT='o'
PACKAGE='Avisynth'
PACKAGE_BUGREPORT='http://forum.doom9.org'
PACKAGE_NAME='Avisynth'
PACKAGE_STRING='Avisynth 3.0'
PACKAGE_TARNAME='avisynth'
PACKAGE_VERSION='3.0'
PATH_SEPARATOR=':'
PRE_SHARED_LIB='libavisynth.$(SHARED_EXTENSION).$(API_MAJOR).$(API_MINOR)'
RANLIB='ranlib'
SHARED_EXTENSION='so'
SHARED_LIB='libavisynth.$(SHARED_EXTENSION).$(API_MAJOR).$(API_MINOR)'
SHELL='/bin/sh'
SPECIFIC_CFLAGS='-fPIC '
SPECIFIC_LDFLAGS='-Wl,-soname,libavisynth.$(SHARED_EXTENSION).$(API_MAJOR) -shared -lc -lm '
STATIC_EXTENSION='a'
STATIC_LIB='libavisynth.$(STATIC_EXTENSION)'
ac_ct_CC='gcc'
ac_ct_CXX='g++'
ac_ct_RANLIB='ranlib'
ac_nasm='yes'
bindir='${exec_prefix}/bin'
build='i686-pc-linux-gnu'
build_alias=''
build_cpu='i686'
build_os='linux-gnu'
build_vendor='pc'
datadir='${prefix}/share'
exec_prefix='${prefix}'
host='i686-pc-linux-gnu'
host_alias=''
host_cpu='i686'
host_os='linux-gnu'
host_vendor='pc'
includedir='${prefix}/include'
infodir='${prefix}/info'
libdir='${exec_prefix}/lib'
libexecdir='${exec_prefix}/libexec'
localstatedir='${prefix}/var'
mandir='${prefix}/man'
oldincludedir='/usr/include'
prefix='/home/torri/local/avisynth'
program_transform_name='s,x,x,'
sbindir='${exec_prefix}/sbin'
sharedstatedir='${prefix}/com'
sysconfdir='${prefix}/etc'
target='i686-pc-linux-gnu'
target_alias=''
target_cpu='i686'
target_os='linux-gnu'
target_vendor='pc'

## ----------- ##
## confdefs.h. ##
## ----------- ##

#define HAVE_ASSERT_H 1
#define HAVE_INTTYPES_H 1
#define HAVE_LIMITS_H 1
#define HAVE_MALLOC_H 1
#define HAVE_MATH_H 1
#define HAVE_MEMORY_H 1
#define HAVE_STDINT_H 1
#define HAVE_STDLIB_H 1
#define HAVE_STRINGS_H 1
#define HAVE_STRING_H 1
#define HAVE_STRING_H 1
#define HAVE_SYS_STAT_H 1
#define HAVE_SYS_TYPES_H 1
#define HAVE_UNISTD_H 1
#define PACKAGE_BUGREPORT "http://forum.doom9.org"
#define PACKAGE_NAME "Avisynth"
#define PACKAGE_STRING "Avisynth 3.0"
#define PACKAGE_TARNAME "avisynth"
#define PACKAGE_VERSION "3.0"
#define SIZEOF_INT_P 4
#define STDC_HEADERS 1
#endif
#ifdef __cplusplus
extern "C" void std::exit (int) throw (); using std::exit;

configure: exit 0
